Arguments: 
  C:\Program Files\nodejs\node.exe C:\Program Files (x86)\Yarn\bin\yarn.js develop

PATH: 
  C:\Windows\system32;C:\Windows;C:\Windows\System32\Wbem;C:\Windows\System32\WindowsPowerShell\v1.0\;C:\Windows\System32\OpenSSH\;C:\Program Files\nodejs\;C:\Program Files\Git\cmd;C:\Program Files (x86)\Yarn\bin\;C:\Program Files (x86)\NVIDIA Corporation\PhysX\Common;C:\Program Files\NVIDIA Corporation\NVIDIA NvDLISR;C:\Program Files (x86)\PowerShell\7\;C:\Users\emini\AppData\Local\Microsoft\WindowsApps;C:\Users\emini\AppData\Roaming\npm;C:\Users\emini\AppData\Local\Programs\Microsoft VS Code\bin;C:\Users\emini\AppData\Local\Yarn\bin

Yarn version: 
  1.22.5

Node version: 
  14.15.0

Platform: 
  win32 x64

Trace: 
  SyntaxError: C:\Users\emini\Desktop\CPSCS\React\gatsby-theme-intro-master\site\package.json: Unexpected end of JSON input
      at JSON.parse (<anonymous>)
      at C:\Program Files (x86)\Yarn\lib\cli.js:1625:59
      at Generator.next (<anonymous>)
      at step (C:\Program Files (x86)\Yarn\lib\cli.js:310:30)
      at C:\Program Files (x86)\Yarn\lib\cli.js:321:13

npm manifest: 
  {
    "private": true,
    "name": "site",
    "version": "1.0.0",
    "main": "index.js",
    "author": "Brajan Emini <e.brajan.98@gmail.com>",
    "license": "MIT",
    "scripts": {
      "build": "gatsby build",
      "clean": "gatsby clean",
      "develop": "gatsby develop"
    },
    "dependencies": {
      "@wkocjan/gatsby-theme-intro": "*",
      "gatsby": "^2.20.12",
      "react-dom": "^16.12.0",

yarn manifest: 
  No manifest

Lockfile: 
  No lockfile
